========================================
[0;32m[2025-11-02 16:59:13][0m Восстановление из BorgBackup
========================================
[0;32m[2025-11-02 16:59:13][0m Доступные архивы:
postgres-2025-11-02_16-33-32         Sun, 2025-11-02 16:33:33 [281b4a2cda3110663fa88736c38b69381697249ab3939485e92bf3334b06a642]
postgres-2025-11-02_16-59-11         Sun, 2025-11-02 16:59:12 [faa50623148b5aa4ad8100a14542dd5d7b3fca4bc242cfe7ff970601cc302152]
[0;32m[2025-11-02 16:59:13][0m Использован последний архив: postgres-2025-11-02_16-59-11
[0;32m[2025-11-02 16:59:13][0m Очистка текущих данных в БД...
DROP TABLE
[0;32m[2025-11-02 16:59:13][0m ✓ БД очищена
[0;32m[2025-11-02 16:59:13][0m Извлечение и восстановление данных...
SET
SET
SET
SET
SET
 set_config 
------------
 
(1 row)

SET
SET
SET
SET
SET
SET
CREATE TABLE
ALTER TABLE
CREATE SEQUENCE
ALTER TABLE
ALTER SEQUENCE
ALTER TABLE
COPY 7
 setval 
--------
     12
(1 row)

ALTER TABLE
[0;32m[2025-11-02 16:59:14][0m ✓ Данные успешно восстановлены из: postgres-2025-11-02_16-59-11
[0;32m[2025-11-02 16:59:14][0m Количество задач в БД: 7
========================================
[0;32m[2025-11-02 16:59:14][0m Восстановление завершено
========================================
